SF:lib/core/repository/cocktail_filter/cocktail_filter_repository.dart
DA:7,1
DA:11,1
DA:12,2
DA:15,1
DA:16,2
DA:19,1
DA:20,2
LF:7
LH:7
end_of_record
SF:lib/core/data_source/cocktail_filter/cocktail_filter_remote_data_source.dart
DA:7,1
DA:11,1
DA:15,3
DA:16,3
DA:17,4
DA:21,1
DA:22,1
DA:24,2
DA:28,1
DA:29,1
DA:31,2
DA:35,1
DA:36,1
DA:38,2
LF:14
LH:14
end_of_record
SF:lib/core/data_source/cocktail/coktail_remote_data_source.dart
DA:7,1
DA:13,1
DA:14,2
DA:17,1
DA:18,2
DA:21,1
DA:22,2
DA:25,0
DA:26,0
DA:29,1
DA:30,4
DA:31,4
DA:34,1
DA:35,3
DA:36,3
DA:37,4
LF:16
LH:14
end_of_record
SF:lib/core/model/alcoholic_model.dart
DA:6,3
DA:8,3
DA:9,6
DA:12,2
DA:13,4
LF:5
LH:5
end_of_record
SF:lib/core/model/category_model.dart
DA:6,3
DA:10,3
DA:11,6
DA:14,2
DA:15,4
LF:5
LH:5
end_of_record
SF:lib/core/model/cocktail_model.dart
DA:4,4
DA:14,3
DA:15,3
DA:16,3
DA:17,3
DA:18,3
DA:22,2
DA:23,8
DA:27,4
DA:96,4
DA:97,4
DA:98,4
DA:99,4
DA:100,4
DA:101,4
DA:102,4
DA:103,4
DA:104,4
DA:105,4
DA:106,4
DA:107,4
DA:108,4
DA:109,4
DA:110,4
DA:111,4
DA:112,4
DA:113,4
DA:114,4
DA:115,4
DA:116,4
DA:117,4
DA:118,4
DA:119,4
DA:120,4
DA:121,4
DA:122,4
DA:123,4
DA:124,4
DA:125,4
DA:126,4
DA:127,4
DA:128,4
DA:129,4
DA:133,1
DA:134,1
DA:136,1
DA:137,2
DA:140,1
DA:141,2
DA:144,1
DA:145,2
DA:148,1
DA:149,2
DA:152,1
DA:153,0
DA:156,1
DA:157,0
DA:160,1
DA:161,0
DA:164,1
DA:165,0
DA:168,1
DA:169,0
DA:172,1
DA:173,0
DA:176,1
DA:177,0
DA:180,1
DA:181,0
DA:184,1
DA:185,0
DA:188,1
DA:189,0
DA:192,1
DA:193,0
DA:199,2
DA:200,2
DA:201,2
DA:202,2
DA:203,2
DA:204,2
DA:205,2
DA:206,2
DA:207,2
DA:208,2
DA:209,2
DA:210,2
DA:211,2
DA:212,2
DA:213,2
DA:214,2
DA:215,2
DA:216,2
DA:217,2
DA:218,2
DA:219,2
DA:220,2
DA:221,2
DA:222,2
DA:223,2
DA:224,2
DA:225,2
DA:226,2
DA:227,2
DA:228,2
DA:229,2
DA:230,2
DA:231,2
DA:232,2
LF:109
LH:98
end_of_record
SF:lib/core/model/glass_model.dart
DA:6,3
DA:8,3
DA:9,6
DA:12,2
DA:13,4
LF:5
LH:5
end_of_record
SF:lib/core/model/status_model.freezed.dart
DA:10,0
DA:12,0
DA:17,11
DA:19,0
DA:23,0
DA:27,0
DA:31,0
DA:41,0
DA:48,0
DA:49,0
DA:57,0
DA:58,0
DA:65,0
DA:66,0
DA:74,0
DA:86,0
DA:104,0
DA:106,0
DA:108,0
DA:109,0
DA:115,11
DA:117,0
DA:122,0
DA:124,0
DA:127,0
DA:128,0
DA:130,0
DA:138,0
DA:141,0
DA:151,0
DA:153,0
DA:156,0
DA:164,0
DA:167,0
DA:177,0
DA:179,0
DA:198,0
DA:200,0
DA:202,0
DA:203,0
DA:209,11
DA:211,0
DA:216,0
DA:218,0
DA:221,0
DA:222,0
DA:224,0
DA:232,0
DA:235,0
DA:245,0
DA:247,0
DA:250,0
DA:258,0
DA:261,0
DA:271,0
DA:273,0
DA:292,0
DA:294,0
DA:296,0
DA:297,0
DA:303,11
DA:305,0
DA:310,0
DA:312,0
DA:315,0
DA:316,0
DA:318,0
DA:326,0
DA:329,0
DA:339,0
DA:341,0
DA:344,0
DA:352,0
DA:355,0
DA:365,0
DA:367,0
DA:386,0
DA:388,0
DA:390,0
DA:391,0
DA:397,11
DA:399,0
DA:404,0
DA:406,0
DA:409,0
DA:410,0
DA:412,0
DA:420,0
DA:423,0
DA:433,0
DA:435,0
DA:438,0
DA:446,0
DA:449,0
DA:459,0
DA:461,0
LF:96
LH:5
end_of_record
SF:lib/core/repository/cocktail/cocktail_repository.dart
DA:7,1
DA:13,1
DA:14,2
DA:17,1
DA:18,2
DA:21,1
DA:22,2
DA:25,1
DA:26,2
DA:29,1
DA:30,2
LF:11
LH:11
end_of_record
SF:lib/core/bloc/cocktail/cocktail_bloc.freezed.dart
DA:10,0
DA:12,0
DA:17,5
DA:19,0
DA:20,0
DA:25,0
DA:29,0
DA:33,0
DA:37,0
DA:41,0
DA:45,0
DA:55,0
DA:65,0
DA:66,0
DA:77,0
DA:78,0
DA:88,0
DA:89,0
DA:100,0
DA:113,0
DA:132,0
DA:134,0
DA:136,0
DA:137,0
DA:139,0
DA:143,0
DA:144,0
DA:145,0
DA:155,0
DA:160,0
DA:162,0
DA:165,0
DA:168,0
DA:169,0
DA:170,0
DA:173,0
DA:175,0
DA:177,0
DA:180,0
DA:182,0
DA:193,0
DA:196,0
DA:209,0
DA:211,0
DA:214,0
DA:225,0
DA:228,0
DA:241,0
DA:243,0
DA:250,0
DA:251,0
DA:253,0
DA:267,0
DA:269,0
DA:271,0
DA:272,0
DA:278,5
DA:280,0
DA:285,0
DA:287,0
DA:290,0
DA:291,0
DA:293,0
DA:304,0
DA:307,0
DA:320,0
DA:322,0
DA:325,0
DA:336,0
DA:339,0
DA:352,0
DA:354,0
DA:373,0
DA:375,0
DA:377,0
DA:378,0
DA:384,5
DA:386,0
DA:391,0
DA:393,0
DA:396,0
DA:397,0
DA:399,0
DA:410,0
DA:413,0
DA:426,0
DA:428,0
DA:431,0
DA:442,0
DA:445,0
DA:458,0
DA:460,0
DA:479,0
DA:481,0
DA:483,0
DA:484,0
DA:490,5
DA:492,0
DA:497,0
DA:499,0
DA:502,0
DA:503,0
DA:505,0
DA:516,0
DA:519,0
DA:532,0
DA:534,0
DA:537,0
DA:548,0
DA:551,0
DA:564,0
DA:566,0
DA:584,0
DA:586,0
DA:588,0
DA:589,0
DA:595,5
DA:597,0
DA:602,0
DA:604,0
DA:607,0
DA:608,0
DA:610,0
DA:621,0
DA:624,0
DA:637,0
DA:639,0
DA:642,0
DA:653,0
DA:656,0
DA:669,0
DA:671,0
DA:688,0
DA:689,0
DA:691,0
DA:692,0
DA:698,5
DA:700,0
DA:705,0
DA:707,0
DA:710,0
DA:711,0
DA:713,0
DA:724,0
DA:727,0
DA:740,0
DA:742,0
DA:745,0
DA:756,0
DA:759,0
DA:772,0
DA:774,0
DA:791,0
DA:792,0
DA:794,0
DA:795,0
DA:801,5
DA:803,0
DA:808,0
DA:810,0
DA:813,0
DA:814,0
DA:816,0
DA:827,0
DA:830,0
DA:843,0
DA:845,0
DA:848,0
DA:859,0
DA:862,0
DA:875,0
DA:877,0
DA:887,5
DA:889,0
DA:893,0
DA:906,0
DA:907,0
DA:908,0
DA:910,0
DA:912,0
DA:928,0
DA:934,0
DA:940,0
DA:941,0
DA:942,0
DA:945,0
DA:946,0
DA:949,0
DA:950,0
DA:956,0
DA:958,0
DA:959,0
DA:981,0
DA:983,0
DA:985,0
DA:986,0
DA:988,0
DA:994,0
DA:995,0
DA:996,0
DA:999,0
DA:1000,0
DA:1003,0
DA:1004,0
DA:1014,0
DA:1024,0
DA:1026,0
DA:1029,0
DA:1032,0
DA:1033,0
DA:1034,0
DA:1035,0
DA:1036,0
DA:1037,0
DA:1038,0
DA:1041,0
DA:1043,0
DA:1044,0
DA:1045,0
DA:1046,0
DA:1048,0
DA:1051,0
DA:1060,0
DA:1061,0
DA:1062,0
DA:1063,0
DA:1064,0
DA:1065,0
DA:1066,0
DA:1069,0
LF:230
LH:8
end_of_record
SF:lib/core/bloc/cocktail/cocktail_state.dart
DA:11,0
DA:12,0
DA:13,0
DA:19,0
DA:20,0
DA:21,0
DA:23,0
DA:24,0
DA:25,0
DA:27,0
DA:29,0
DA:31,0
DA:32,0
DA:35,0
DA:36,0
LF:15
LH:0
end_of_record
SF:lib/core/bloc/cocktail/cocktail_bloc.dart
DA:17,0
DA:23,0
DA:24,0
DA:25,0
DA:26,0
DA:27,0
DA:28,0
DA:29,0
DA:33,0
DA:34,0
DA:35,0
DA:36,0
DA:39,0
DA:41,0
DA:44,0
DA:45,0
DA:46,0
DA:47,0
DA:50,0
DA:52,0
DA:55,0
DA:56,0
DA:57,0
DA:58,0
DA:61,0
DA:63,0
DA:74,0
DA:79,0
DA:80,0
DA:82,0
DA:83,0
DA:85,0
DA:86,0
DA:95,0
DA:98,0
DA:99,0
DA:100,0
DA:101,0
DA:103,0
DA:104,0
DA:105,0
DA:106,0
DA:107,0
DA:110,0
DA:111,0
DA:113,0
DA:114,0
DA:115,0
DA:118,0
DA:119,0
DA:121,0
DA:122,0
DA:123,0
DA:126,0
DA:127,0
DA:128,0
DA:130,0
DA:131,0
DA:133,0
DA:134,0
DA:139,0
DA:143,0
DA:144,0
DA:145,0
DA:148,0
DA:151,0
DA:152,0
DA:156,0
DA:158,0
DA:159,0
DA:160,0
DA:161,0
DA:162,0
DA:163,0
DA:164,0
DA:165,0
DA:166,0
DA:168,0
DA:171,0
DA:174,0
DA:175,0
LF:81
LH:0
end_of_record
SF:lib/core/bloc/cocktail_detail/cocktail_detail_cubit.freezed.dart
DA:10,0
DA:12,0
DA:17,5
DA:19,0
DA:23,0
DA:27,0
DA:28,0
DA:33,0
DA:43,0
DA:50,0
DA:51,0
DA:59,0
DA:60,0
DA:67,0
DA:68,0
DA:76,0
DA:89,0
DA:106,0
DA:107,0
DA:109,0
DA:110,0
DA:116,7
DA:118,0
DA:123,0
DA:125,0
DA:128,0
DA:129,0
DA:131,1
DA:139,1
DA:142,0
DA:152,0
DA:154,0
DA:157,0
DA:165,0
DA:168,0
DA:178,0
DA:180,0
DA:198,0
DA:199,0
DA:201,0
DA:202,0
DA:208,7
DA:210,1
DA:215,1
DA:217,1
DA:220,0
DA:221,0
DA:223,1
DA:231,1
DA:234,0
DA:244,0
DA:246,0
DA:249,0
DA:257,0
DA:260,0
DA:270,0
DA:272,0
DA:291,0
DA:292,0
DA:294,0
DA:295,0
DA:297,0
DA:301,0
DA:302,0
DA:303,0
DA:313,2
DA:318,1
DA:320,2
DA:323,1
DA:326,1
DA:327,2
DA:328,0
DA:331,0
DA:333,0
DA:335,0
DA:338,0
DA:340,1
DA:348,2
DA:351,0
DA:361,0
DA:363,0
DA:366,0
DA:374,0
DA:377,0
DA:387,0
DA:389,0
DA:396,0
DA:397,0
DA:398,0
DA:411,0
DA:412,0
DA:414,0
DA:415,0
DA:421,7
DA:423,1
DA:428,1
DA:430,1
DA:433,0
DA:434,0
DA:436,1
DA:444,1
DA:447,0
DA:457,0
DA:459,0
DA:462,0
DA:470,0
DA:473,0
DA:483,0
DA:485,0
LF:109
LH:24
end_of_record
SF:lib/core/bloc/cocktail_detail/cocktail_detail_cubit.dart
DA:12,1
DA:13,2
DA:17,1
DA:19,2
DA:20,3
DA:21,2
DA:23,2
LF:7
LH:7
end_of_record
SF:lib/core/bloc/cocktail_filter_option/cocktail_filter_option_cubit.freezed.dart
DA:10,0
DA:12,0
DA:17,5
DA:19,0
DA:23,0
DA:27,0
DA:31,0
DA:41,0
DA:48,0
DA:49,0
DA:57,0
DA:58,0
DA:67,0
DA:68,0
DA:76,0
DA:89,0
DA:108,0
DA:111,0
DA:113,0
DA:115,0
DA:122,6
DA:124,0
DA:129,0
DA:131,0
DA:134,0
DA:135,0
DA:137,0
DA:145,0
DA:148,0
DA:158,0
DA:160,0
DA:163,0
DA:173,0
DA:176,0
DA:186,0
DA:188,0
DA:210,0
DA:213,0
DA:215,0
DA:217,0
DA:224,5
DA:226,0
DA:231,0
DA:234,0
DA:237,0
DA:238,0
DA:240,0
DA:248,0
DA:251,0
DA:261,0
DA:263,0
DA:266,0
DA:276,0
DA:279,0
DA:289,0
DA:291,0
DA:313,0
DA:316,0
DA:318,0
DA:320,0
DA:327,6
DA:329,1
DA:334,1
DA:337,1
DA:340,0
DA:341,0
DA:343,0
DA:351,0
DA:354,0
DA:364,0
DA:366,0
DA:369,0
DA:379,0
DA:382,0
DA:392,0
DA:394,0
DA:416,0
DA:419,0
DA:421,0
DA:423,0
DA:430,5
DA:432,0
DA:437,0
DA:440,0
DA:443,0
DA:444,0
DA:446,0
DA:454,0
DA:457,0
DA:467,0
DA:469,0
DA:472,0
DA:482,0
DA:485,0
DA:495,0
DA:497,0
LF:96
LH:8
end_of_record
SF:lib/core/bloc/cocktail_filter_option/cocktail_filter_option_cubit.dart
DA:10,3
DA:12,1
DA:13,1
LF:3
LH:3
end_of_record
SF:lib/core/bloc/cocktail_filter_list/cocktail_filter_list_alcoholic/cocktail_filter_list_alcoholic_cubit.dart
DA:10,0
DA:12,0
LF:2
LH:0
end_of_record
SF:lib/core/bloc/cocktail_filter_list/cocktail_filter_list_category/cocktail_filter_list_alcoholic_cubit.dart
DA:10,0
DA:12,0
LF:2
LH:0
end_of_record
SF:lib/core/bloc/cocktail_filter_list/cocktail_filter_list_glass/cocktail_filter_list_alcoholic_cubit.dart
DA:10,0
DA:12,0
LF:2
LH:0
end_of_record
SF:lib/core/bloc/cocktail_filter_list/cocktail_filter_list_base/cocktail_filter_list_base_cubit.dart
DA:10,0
DA:12,0
DA:16,0
DA:18,0
DA:20,0
DA:21,0
DA:22,0
DA:24,0
DA:27,0
DA:29,0
DA:30,0
DA:34,0
DA:35,0
LF:13
LH:0
end_of_record
SF:lib/core/bloc/cocktail_filter_list/cocktail_filter_list_base/cocktail_filter_list_base_cubit.freezed.dart
DA:10,0
DA:12,0
DA:17,5
DA:19,0
DA:23,0
DA:36,0
DA:37,0
DA:38,0
DA:40,0
DA:42,0
DA:59,0
DA:65,0
DA:71,0
DA:72,0
DA:73,0
DA:76,0
DA:77,0
DA:80,0
DA:81,0
DA:87,0
DA:89,0
DA:90,0
DA:113,0
DA:116,0
DA:118,0
DA:120,0
DA:122,0
DA:128,0
DA:129,0
DA:130,0
DA:133,0
DA:134,0
DA:137,0
DA:138,0
DA:149,0
DA:159,0
DA:161,0
DA:164,0
DA:167,0
DA:168,0
DA:169,0
DA:170,0
DA:171,0
DA:172,0
DA:174,0
DA:177,0
DA:179,0
DA:180,0
DA:181,0
DA:182,0
DA:184,0
DA:188,0
DA:199,0
DA:200,0
DA:201,0
DA:202,0
DA:203,0
DA:204,0
DA:205,0
DA:209,0
LF:60
LH:1
end_of_record
SF:lib/core/bloc/cocktail_filter_list/cocktail_filter_list_base/cocktail_filter_list_base_state.dart
DA:12,0
DA:13,0
DA:14,0
LF:3
LH:0
end_of_record
SF:lib/ui/screen/cocktail_detail/cocktail_detail_screen.dart
DA:14,1
DA:17,1
DA:19,1
DA:20,1
DA:24,1
DA:26,1
DA:27,1
DA:30,1
DA:31,6
DA:34,1
DA:36,1
DA:37,1
DA:38,4
DA:40,1
DA:41,1
DA:42,1
DA:43,7
DA:44,3
DA:46,4
LF:19
LH:19
end_of_record
SF:lib/ui/screen/cocktail_detail/widget/cocktail_detail_body.dart
DA:9,1
DA:12,1
DA:16,1
DA:17,3
DA:20,1
DA:22,1
DA:23,2
DA:24,2
DA:26,1
DA:27,3
DA:28,1
DA:29,1
DA:30,1
DA:31,2
DA:32,2
DA:33,4
DA:34,2
DA:35,1
DA:36,1
DA:37,1
DA:38,2
DA:39,1
DA:40,1
DA:41,1
DA:42,1
DA:43,4
DA:44,1
LF:27
LH:27
end_of_record
SF:lib/ui/screen/cocktail_detail/widget/cocktail_detail_photo.dart
DA:8,1
DA:12,1
DA:14,1
DA:16,1
DA:17,1
DA:18,1
DA:19,1
DA:21,1
LF:8
LH:8
end_of_record
SF:lib/ui/widget/input_dropdown_field/input_dropdown_field.dart
DA:15,0
DA:26,0
DA:28,0
DA:30,0
DA:31,0
DA:32,0
DA:33,0
DA:35,0
DA:36,0
DA:38,0
DA:39,0
DA:41,0
DA:42,0
DA:46,0
DA:47,0
DA:48,0
DA:50,0
DA:51,0
DA:52,0
DA:54,0
DA:56,0
DA:57,0
DA:58,0
DA:59,0
DA:60,0
DA:62,0
DA:65,0
LF:27
LH:0
end_of_record
SF:lib/ui/widget/input_field/input_field.dart
DA:4,0
DA:17,0
DA:31,0
DA:33,0
DA:34,0
DA:35,0
DA:36,0
DA:37,0
DA:38,0
DA:39,0
DA:40,0
DA:41,0
DA:42,0
DA:43,0
DA:44,0
DA:45,0
DA:46,0
DA:47,0
DA:48,0
DA:49,0
DA:51,0
DA:52,0
DA:54,0
DA:55,0
DA:57,0
DA:58,0
LF:26
LH:0
end_of_record
SF:lib/ui/widget/load_failure/load_failure.dart
DA:6,1
DA:10,1
DA:15,1
DA:17,1
DA:18,1
DA:19,2
DA:20,1
DA:21,1
DA:22,1
DA:23,1
LF:10
LH:10
end_of_record
SF:lib/ui/widget/loading_indicator/loading_indicator.dart
DA:4,1
DA:6,1
DA:8,1
DA:10,1
DA:11,1
LF:5
LH:5
end_of_record
SF:lib/ui/widget/spacing/spacing.dart
DA:7,1
DA:10,1
DA:12,1
DA:14,4
DA:21,0
DA:24,0
DA:26,0
DA:28,0
LF:8
LH:4
end_of_record
SF:lib/ui/widget/text/body.dart
DA:5,0
DA:13,0
DA:22,0
DA:24,0
DA:25,0
DA:26,0
DA:27,0
DA:28,0
DA:29,0
DA:31,0
DA:32,0
DA:33,0
LF:12
LH:0
end_of_record
SF:lib/ui/widget/text/subtitle.dart
DA:5,1
DA:12,1
DA:20,1
DA:22,1
DA:23,1
DA:24,1
DA:25,1
DA:26,1
DA:29,1
DA:30,1
DA:31,1
LF:11
LH:11
end_of_record
SF:lib/ui/widget/text/title.dart
DA:5,1
DA:12,1
DA:20,1
DA:22,1
DA:23,1
DA:24,1
DA:25,1
DA:26,1
DA:29,1
DA:30,1
DA:31,1
LF:11
LH:11
end_of_record
